# JRE version: OpenJDK Runtime Environment (21.0.8) (build 21.0.8+-14196175-b1038.72)
# Java VM: OpenJDK 64-Bit Server VM (21.0.8+-14196175-b1038.72, mixed mode, tiered, compressed oops, compressed class ptrs, g1 gc, windows-amd64)
GC Precious Log:
 CardTable entry size: 512
 Card Set container configuration: InlinePtr #cards 5 size 8 Array Of Cards #cards 12 size 40 Howl #buckets 4 coarsen threshold 1843 Howl Bitmap #cards 512 size 80 coarsen threshold 460 Card regions per heap region 1 cards per card region 2048
 CPUs: 4 total, 4 available
 Memory: 8003M
 Large Page Support: Disabled
 NUMA Support: Disabled
 Compressed Oops: Enabled (32-bit)
 Heap Region Size: 1M
 Heap Min Capacity: 8M
 Heap Initial Capacity: 126M
 Heap Max Capacity: 2G
 Pre-touch: Disabled
 Parallel Workers: 4
 Concurrent Workers: 1
 Concurrent Refinement Workers: 4
 Periodic GC: Disabled
Heap:
 garbage-first heap   total 470016K, used 360448K [0x0000000080000000, 0x0000000100000000)
  region size 1024K, 127 young (130048K), 16 survivors (16384K)
 Metaspace       used 211154K, committed 213952K, reserved 1245184K
  class space    used 27887K, committed 29248K, reserved 1048576K
GC Heap History (20 events):
Event: 65.043 GC heap before
{Heap before GC invocations=51 (full 0):
 garbage-first heap   total 378880K, used 328308K [0x0000000080000000, 0x0000000100000000)
  region size 1024K, 104 young (106496K), 13 survivors (13312K)
 Metaspace       used 163683K, committed 166016K, reserved 1245184K
  class space    used 21838K, committed 22976K, reserved 1048576K
}
Event: 65.115 GC heap after
{Heap after GC invocations=52 (full 0):
 garbage-first heap   total 382976K, used 275968K [0x0000000080000000, 0x0000000100000000)
  region size 1024K, 15 young (15360K), 15 survivors (15360K)
 Metaspace       used 163683K, committed 166016K, reserved 1245184K
  class space    used 21838K, committed 22976K, reserved 1048576K
}
Event: 67.373 GC heap before
{Heap before GC invocations=53 (full 0):
 garbage-first heap   total 408576K, used 309760K [0x0000000080000000, 0x0000000100000000)
  region size 1024K, 79 young (80896K), 15 survivors (15360K)
 Metaspace       used 164119K, committed 166464K, reserved 1245184K
  class space    used 21846K, committed 22976K, reserved 1048576K
}
Event: 67.429 GC heap after
{Heap after GC invocations=54 (full 0):
 garbage-first heap   total 408576K, used 261120K [0x0000000080000000, 0x0000000100000000)
  region size 1024K, 10 young (10240K), 10 survivors (10240K)
 Metaspace       used 164119K, committed 166464K, reserved 1245184K
  class space    used 21846K, committed 22976K, reserved 1048576K
}
Event: 70.671 GC heap before
{Heap before GC invocations=54 (full 0):
 garbage-first heap   total 408576K, used 349184K [0x0000000080000000, 0x0000000100000000)
  region size 1024K, 95 young (97280K), 10 survivors (10240K)
 Metaspace       used 166775K, committed 169088K, reserved 1245184K
  class space    used 21990K, committed 23104K, reserved 1048576K
}
Event: 70.729 GC heap after
{Heap after GC invocations=55 (full 0):
 garbage-first heap   total 408576K, used 261120K [0x0000000080000000, 0x0000000100000000)
  region size 1024K, 12 young (12288K), 12 survivors (12288K)
 Metaspace       used 166775K, committed 169088K, reserved 1245184K
  class space    used 21990K, committed 23104K, reserved 1048576K
}
Event: 73.054 GC heap before
{Heap before GC invocations=55 (full 0):
 garbage-first heap   total 408576K, used 314368K [0x0000000080000000, 0x0000000100000000)
  region size 1024K, 65 young (66560K), 12 survivors (12288K)
 Metaspace       used 171613K, committed 173952K, reserved 1245184K
  class space    used 22598K, committed 23744K, reserved 1048576K
}
Event: 73.088 GC heap after
{Heap after GC invocations=56 (full 0):
 garbage-first heap   total 408576K, used 265728K [0x0000000080000000, 0x0000000100000000)
  region size 1024K, 4 young (4096K), 4 survivors (4096K)
 Metaspace       used 171613K, committed 173952K, reserved 1245184K
  class space    used 22598K, committed 23744K, reserved 1048576K
}
Event: 77.061 GC heap before
{Heap before GC invocations=57 (full 0):
 garbage-first heap   total 445440K, used 351744K [0x0000000080000000, 0x0000000100000000)
  region size 1024K, 87 young (89088K), 4 survivors (4096K)
 Metaspace       used 177867K, committed 180288K, reserved 1245184K
  class space    used 23658K, committed 24832K, reserved 1048576K
}
Event: 77.077 GC heap after
{Heap after GC invocations=58 (full 0):
 garbage-first heap   total 445440K, used 268288K [0x0000000080000000, 0x0000000100000000)
  region size 1024K, 6 young (6144K), 6 survivors (6144K)
 Metaspace       used 177867K, committed 180288K, reserved 1245184K
  class space    used 23658K, committed 24832K, reserved 1048576K
}
Event: 81.596 GC heap before
{Heap before GC invocations=58 (full 0):
 garbage-first heap   total 445440K, used 384000K [0x0000000080000000, 0x0000000100000000)
  region size 1024K, 118 young (120832K), 6 survivors (6144K)
 Metaspace       used 184783K, committed 187264K, reserved 1245184K
  class space    used 24683K, committed 25856K, reserved 1048576K
}
Event: 81.641 GC heap after
{Heap after GC invocations=59 (full 0):
 garbage-first heap   total 445440K, used 272792K [0x0000000080000000, 0x0000000100000000)
  region size 1024K, 14 young (14336K), 14 survivors (14336K)
 Metaspace       used 184783K, committed 187264K, reserved 1245184K
  class space    used 24683K, committed 25856K, reserved 1048576K
}
Event: 84.395 GC heap before
{Heap before GC invocations=59 (full 0):
 garbage-first heap   total 445440K, used 392600K [0x0000000080000000, 0x0000000100000000)
  region size 1024K, 131 young (134144K), 14 survivors (14336K)
 Metaspace       used 184995K, committed 187520K, reserved 1245184K
  class space    used 24705K, committed 25920K, reserved 1048576K
}
Event: 84.431 GC heap after
{Heap after GC invocations=60 (full 0):
 garbage-first heap   total 445440K, used 279276K [0x0000000080000000, 0x0000000100000000)
  region size 1024K, 14 young (14336K), 14 survivors (14336K)
 Metaspace       used 184995K, committed 187520K, reserved 1245184K
  class space    used 24705K, committed 25920K, reserved 1048576K
}
Event: 89.376 GC heap before
{Heap before GC invocations=61 (full 0):
 garbage-first heap   total 470016K, used 400108K [0x0000000080000000, 0x0000000100000000)
  region size 1024K, 131 young (134144K), 14 survivors (14336K)
 Metaspace       used 196946K, committed 199488K, reserved 1245184K
  class space    used 26252K, committed 27456K, reserved 1048576K
}
Event: 89.415 GC heap after
{Heap after GC invocations=62 (full 0):
 garbage-first heap   total 470016K, used 284903K [0x0000000080000000, 0x0000000100000000)
  region size 1024K, 14 young (14336K), 14 survivors (14336K)
 Metaspace       used 196946K, committed 199488K, reserved 1245184K
  class space    used 26252K, committed 27456K, reserved 1048576K
}
Event: 101.115 GC heap before
{Heap before GC invocations=62 (full 0):
 garbage-first heap   total 470016K, used 426215K [0x0000000080000000, 0x0000000100000000)
  region size 1024K, 147 young (150528K), 14 survivors (14336K)
 Metaspace       used 201670K, committed 204288K, reserved 1245184K
  class space    used 26685K, committed 27904K, reserved 1048576K
}
Event: 101.180 GC heap after
{Heap after GC invocations=63 (full 0):
 garbage-first heap   total 470016K, used 290816K [0x0000000080000000, 0x0000000100000000)
  region size 1024K, 18 young (18432K), 18 survivors (18432K)
 Metaspace       used 201670K, committed 204288K, reserved 1245184K
  class space    used 26685K, committed 27904K, reserved 1048576K
}
Event: 106.311 GC heap before
{Heap before GC invocations=63 (full 0):
 garbage-first heap   total 470016K, used 427008K [0x0000000080000000, 0x0000000100000000)
  region size 1024K, 151 young (154624K), 18 survivors (18432K)
 Metaspace       used 205648K, committed 208192K, reserved 1245184K
  class space    used 27150K, committed 28352K, reserved 1048576K
}
Event: 106.384 GC heap after
{Heap after GC invocations=64 (full 0):
 garbage-first heap   total 470016K, used 306176K [0x0000000080000000, 0x0000000100000000)
  region size 1024K, 16 young (16384K), 16 survivors (16384K)
 Metaspace       used 205648K, committed 208192K, reserved 1245184K
  class space    used 27150K, committed 28352K, reserved 1048576K
}

